  Compiling CUDA source file main.cu...
  
  C:\Users\Pavilion G. 1307147\Desktop\egyetem\4.félév\gpu\N-Body\N-Body>"C:\Program Files\NVIDIA GPU Computing Toolkit\CUDA\v12.1\bin\nvcc.exe" -gencode=arch=compute_52,code=\"sm_52,compute_52\" --use-local-env -ccbin "C:\Program Files (x86)\Microsoft Visual Studio\2019\Community\VC\Tools\MSVC\14.29.30133\bin\HostX86\x64" -x cu   -I"C:\Users\Pavilion G. 1307147\Desktop\egyetem\4.félév\gpu\glfw-3.3.8.bin.WIN64\glfw-3.3.8.bin.WIN64\include" -I"C:\Users\Pavilion G. 1307147\Desktop\egyetem\4.félév\gpu\N-Body\N-Body\include" -I"C:\Program Files (x86)\Microsoft Visual Studio\2019\Community\VC\Tools\MSVC\14.29.30133\include" -I"C:\Program Files (x86)\Microsoft Visual Studio\2019\Community\VC\Tools\MSVC\14.29.30133\atlmfc\include" -I"C:\Program Files (x86)\Microsoft Visual Studio\2019\Community\VC\Auxiliary\VS\include" -I"C:\Program Files (x86)\Windows Kits\10\Include\10.0.19041.0\ucrt" -I"C:\Program Files (x86)\Microsoft Visual Studio\2019\Community\VC\Auxiliary\VS\UnitTest\include" -I"C:\Program Files (x86)\Windows Kits\10\Include\10.0.19041.0\um" -I"C:\Program Files (x86)\Windows Kits\10\Include\10.0.19041.0\shared" -I"C:\Program Files (x86)\Windows Kits\10\Include\10.0.19041.0\winrt" -I"C:\Program Files (x86)\Windows Kits\10\Include\10.0.19041.0\cppwinrt" -I"C:\Program Files (x86)\Windows Kits\NETFXSDK\4.8\Include\um" -I"C:\Program Files\NVIDIA GPU Computing Toolkit\CUDA\v12.1\include" -I"C:\Program Files\NVIDIA GPU Computing Toolkit\CUDA\v12.1\include"  -G   --keep-dir x64\Debug  -maxrregcount=0   --machine 64 --compile -cudart static  -g  -DWIN32 -DWIN64 -D_DEBUG -D_CONSOLE -D_UNICODE -DUNICODE -Xcompiler "/EHsc /W3 /nologo /Od /FS /Zi /RTC1 /MDd " -Xcompiler "/Fdx64\Debug\vc142.pdb" -o "C:\Users\Pavilion G. 1307147\Desktop\egyetem\4.félév\gpu\N-Body\N-Body\x64\Debug\main.cu.obj" "C:\Users\Pavilion G. 1307147\Desktop\egyetem\4.félév\gpu\N-Body\N-Body\main.cu" 
C:\Program Files (x86)\Windows Kits\10\Include\10.0.19041.0\ucrt\corecrt_math_defines.h(28): warning C4005: 'M_PI': macro redefinition
C:\Program Files (x86)\Windows Kits\10\Include\10.0.19041.0\ucrt\corecrt_math_defines.h(28): warning C4005: 'M_PI': macro redefinition
C:\Users\Pavilion G. 1307147\Desktop\egyetem\4.fÚlÚv\gpu\N-Body\N-Body\include\glm\gtc\matrix_transform.inl(260): warning #20013-D: calling a constexpr __host__ function("epsilon") from a __host__ __device__ function("perspectiveRH") is not allowed. The experimental flag '--expt-relaxed-constexpr' can be used to allow this.
    		(void)( (!!(abs(aspect - std::numeric_limits<T>::epsilon()) > static_cast<T>(0))) || (_wassert(L"abs(aspect - std::numeric_limits<T>::epsilon()) > static_cast<T>(0)", L"C:\\Users\\Pavilion G. 1307147\\Desktop\\egyetem\\4.fÚlÚv\\gpu\\N-Body\\N-Body\\include\\glm\\gtc\\matrix_transform.inl", (unsigned)(260)), 0) );
    		                         ^
            detected during:
              instantiation of "glm::tmat4x4<T, glm::packed_highp> glm::perspectiveRH(T, T, T, T) [with T=float]" at line 253
              instantiation of "glm::tmat4x4<T, glm::packed_highp> glm::perspective(T, T, T, T) [with T=float]" at line 472 of C:\Users\Pavilion G. 1307147\Desktop\egyetem\4.fÚlÚv\gpu\N-Body\N-Body\main.cu
  
  Remark: The warnings can be suppressed with "-diag-suppress <warning-number>"
  
  main.cu
  tmpxft_00006208_00000000-7_main.cudafe1.cpp
C:\Users\Pavilion G. 1307147\Desktop\egyetem\4.félév\gpu\N-Body\N-Body\main.cu(54): warning C4305: '=': truncation from 'double' to 'float'
C:\Users\Pavilion G. 1307147\Desktop\egyetem\4.félév\gpu\N-Body\N-Body\main.cu(58): warning C4305: '=': truncation from 'double' to 'float'
C:\Users\Pavilion G. 1307147\Desktop\egyetem\4.félév\gpu\N-Body\N-Body\main.cu(386): warning C4244: 'initializing': conversion from 'double' to 'float', possible loss of data
     Creating library C:\Users\Pavilion G. 1307147\Desktop\egyetem\4.félév\gpu\N-Body\x64\Debug\N-Body.lib and object C:\Users\Pavilion G. 1307147\Desktop\egyetem\4.félév\gpu\N-Body\x64\Debug\N-Body.exp
LINK : warning LNK4098: defaultlib 'LIBCMT' conflicts with use of other libs; use /NODEFAULTLIB:library
LINK : warning LNK4098: defaultlib 'MSVCRT' conflicts with use of other libs; use /NODEFAULTLIB:library
glew32s.lib(glew.obj) : warning LNK4099: PDB 'vc120.pdb' was not found with 'glew32s.lib(glew.obj)' or at 'C:\Users\Pavilion G. 1307147\Desktop\egyetem\4.félév\gpu\N-Body\x64\Debug\vc120.pdb'; linking object as if no debug info
  N-Body.vcxproj -> C:\Users\Pavilion G. 1307147\Desktop\egyetem\4.félév\gpu\N-Body\x64\Debug\N-Body.exe
